1692827203770	geckodriver	INFO	Listening on 127.0.0.1:56534
1692827204132	mozrunner::runner	INFO	Running command: MOZ_CRASHREPORTER="1" MOZ_CRASHREPORTER_NO_REPORT="1" MOZ_CRASHREPORTER_SHUTDOWN="1" MOZ_NO_REMOTE="1" "/App ... s" "localhost" "-foreground" "-no-remote" "-profile" "/var/folders/k0/cq83jz1x4m5_dpcmmv8ldww00000gp/T/rust_mozprofilejBeD5F"
console.warn: services.settings: Ignoring preference override of remote settings server
console.warn: services.settings: Allow by setting MOZ_REMOTE_SETTINGS_DEVTOOLS=1 in the environment
1692827205202	Marionette	INFO	Marionette enabled
console.error: "Warning: unrecognized command line flag" "-remote-allow-hosts"
1692827205574	Marionette	INFO	Listening on port 56542
Read port: 56542
WebDriver BiDi listening on ws://127.0.0.1:56535
1692827206329	RemoteAgent	WARN	TLS certificate errors will be ignored for this session
DevTools listening on ws://127.0.0.1:56535/devtools/browser/fef62008-0289-4fa2-9faa-72c9813228d9
JavaScript warning: https://pagead2.googlesyndication.com/bg/-jd_BcJ2_muHebna6aM-t4BwAJqN83NnF3hDm83RPZ4.js line 2 > eval line 1385 > eval line 1 > eval line 1 > eval, line 1: WEBGL_debug_renderer_info is deprecated in Firefox and will be removed. Please use RENDERER.
1692827213745	Marionette	WARN	Ignoring event 'pageshow' because document has an invalid readyState of 'uninitialized'.
1692827225546	Marionette	INFO	Stopped listening on port 56542
1692828051027	geckodriver	INFO	Listening on 127.0.0.1:56822
1692828051394	mozrunner::runner	INFO	Running command: MOZ_CRASHREPORTER="1" MOZ_CRASHREPORTER_NO_REPORT="1" MOZ_CRASHREPORTER_SHUTDOWN="1" MOZ_NO_REMOTE="1" "/App ... s" "localhost" "-foreground" "-no-remote" "-profile" "/var/folders/k0/cq83jz1x4m5_dpcmmv8ldww00000gp/T/rust_mozprofile43qX7e"
console.warn: services.settings: Ignoring preference override of remote settings server
console.warn: services.settings: Allow by setting MOZ_REMOTE_SETTINGS_DEVTOOLS=1 in the environment
1692828052366	Marionette	INFO	Marionette enabled
console.error: "Warning: unrecognized command line flag" "-remote-allow-hosts"
1692828052754	Marionette	INFO	Listening on port 56830
Read port: 56830
WebDriver BiDi listening on ws://127.0.0.1:56823
1692828053412	RemoteAgent	WARN	TLS certificate errors will be ignored for this session
DevTools listening on ws://127.0.0.1:56823/devtools/browser/48afd5d3-5cb8-4bc5-a193-58d32f14301d
JavaScript warning: https://pagead2.googlesyndication.com/bg/-jd_BcJ2_muHebna6aM-t4BwAJqN83NnF3hDm83RPZ4.js line 2 > eval line 1782 > eval line 1 > eval line 1 > eval, line 1: WEBGL_debug_renderer_info is deprecated in Firefox and will be removed. Please use RENDERER.
1692828071972	Marionette	INFO	Stopped listening on port 56830
1692828413759	geckodriver	INFO	Listening on 127.0.0.1:57035
1692828414125	mozrunner::runner	INFO	Running command: MOZ_CRASHREPORTER="1" MOZ_CRASHREPORTER_NO_REPORT="1" MOZ_CRASHREPORTER_SHUTDOWN="1" MOZ_NO_REMOTE="1" "/App ... s" "localhost" "-foreground" "-no-remote" "-profile" "/var/folders/k0/cq83jz1x4m5_dpcmmv8ldww00000gp/T/rust_mozprofileR3DOoU"
*** You are running in headless mode.
console.warn: services.settings: Ignoring preference override of remote settings server
console.warn: services.settings: Allow by setting MOZ_REMOTE_SETTINGS_DEVTOOLS=1 in the environment
1692828414645	Marionette	INFO	Marionette enabled
console.error: "Warning: unrecognized command line flag" "-remote-allow-hosts"
1692828415032	Marionette	INFO	Listening on port 57043
Read port: 57043
WebDriver BiDi listening on ws://127.0.0.1:57036
1692828415633	RemoteAgent	WARN	TLS certificate errors will be ignored for this session
[GFX1-]: RenderCompositorSWGL failed mapping default framebuffer, no dt
DevTools listening on ws://127.0.0.1:57036/devtools/browser/4be8f48f-91a3-4052-a63c-98091d3e3e7b
JavaScript warning: https://pagead2.googlesyndication.com/bg/-jd_BcJ2_muHebna6aM-t4BwAJqN83NnF3hDm83RPZ4.js line 2 > eval line 5548 > eval line 1 > eval line 1 > eval, line 1: WEBGL_debug_renderer_info is deprecated in Firefox and will be removed. Please use RENDERER.
JavaScript warning: https://pagead2.googlesyndication.com/bg/aZrQl3reHFLrXxIU5jTX67bfpJTGr0dfi-1qyyEVSZQ.js line 2 > eval line 1729 > eval line 1 > eval line 1 > eval, line 1: WEBGL_debug_renderer_info is deprecated in Firefox and will be removed. Please use RENDERER.
1692828432353	Marionette	INFO	Stopped listening on port 57043
JavaScript warning: https://script.hotjar.com/modules.14b820ab47d618317075.js, line 2: Script terminated by timeout at:
t<@https://script.hotjar.com/modules.14b820ab47d618317075.js:2:42043

JavaScript error: , line 0: TypeError: NetworkError when attempting to fetch resource.
JavaScript error: , line 0: TypeError: NetworkError when attempting to fetch resource.
JavaScript error: , line 0: TypeError: NetworkError when attempting to fetch resource.
1692831616237	geckodriver	INFO	Listening on 127.0.0.1:57258
1692831616755	mozrunner::runner	INFO	Running command: MOZ_CRASHREPORTER="1" MOZ_CRASHREPORTER_NO_REPORT="1" MOZ_CRASHREPORTER_SHUTDOWN="1" MOZ_NO_REMOTE="1" "/App ... debugging-port" "57259" "--remote-allow-hosts" "localhost" "-foreground" "-no-remote" "-profile" "/tmp/rust_mozprofileY6wqeV"
*** You are running in headless mode.
console.warn: services.settings: Ignoring preference override of remote settings server
console.warn: services.settings: Allow by setting MOZ_REMOTE_SETTINGS_DEVTOOLS=1 in the environment
1692831617190	Marionette	INFO	Marionette enabled
console.error: "Warning: unrecognized command line flag" "-remote-allow-hosts"
1692831617549	Marionette	INFO	Listening on port 57266
Read port: 57266
WebDriver BiDi listening on ws://127.0.0.1:57259
1692831618240	RemoteAgent	WARN	TLS certificate errors will be ignored for this session
[GFX1-]: RenderCompositorSWGL failed mapping default framebuffer, no dt
DevTools listening on ws://127.0.0.1:57259/devtools/browser/0b9b7698-cea3-484e-a745-79fb755610bb
JavaScript warning: https://pagead2.googlesyndication.com/bg/-jd_BcJ2_muHebna6aM-t4BwAJqN83NnF3hDm83RPZ4.js line 2 > eval line 5919 > eval line 1 > eval line 1 > eval, line 1: WEBGL_debug_renderer_info is deprecated in Firefox and will be removed. Please use RENDERER.
1692831635548	Marionette	INFO	Stopped listening on port 57266
JavaScript warning: https://script.hotjar.com/modules.14b820ab47d618317075.js, line 2: Script terminated by timeout at:
t<@https://script.hotjar.com/modules.14b820ab47d618317075.js:2:42043

1692874819029	geckodriver	INFO	Listening on 127.0.0.1:49628
1692874819543	mozrunner::runner	INFO	Running command: MOZ_CRASHREPORTER="1" MOZ_CRASHREPORTER_NO_REPORT="1" MOZ_CRASHREPORTER_SHUTDOWN="1" MOZ_NO_REMOTE="1" "/App ... debugging-port" "49629" "--remote-allow-hosts" "localhost" "-foreground" "-no-remote" "-profile" "/tmp/rust_mozprofileCrUV9B"
*** You are running in headless mode.
console.warn: services.settings: Ignoring preference override of remote settings server
console.warn: services.settings: Allow by setting MOZ_REMOTE_SETTINGS_DEVTOOLS=1 in the environment
1692874820170	Marionette	INFO	Marionette enabled
console.error: "Warning: unrecognized command line flag" "-remote-allow-hosts"
1692874821472	Marionette	INFO	Listening on port 49636
WebDriver BiDi listening on ws://127.0.0.1:49629
Read port: 49636
1692874821851	RemoteAgent	WARN	TLS certificate errors will be ignored for this session
[GFX1-]: RenderCompositorSWGL failed mapping default framebuffer, no dt
DevTools listening on ws://127.0.0.1:49629/devtools/browser/9d16c5cf-c15a-4f11-9636-731baf6f5bbd
JavaScript warning: https://pagead2.googlesyndication.com/bg/VOYjWJ9SYKUWeq_SiXQPiq5A6-bg1q_inShFnttaRxg.js line 2 > eval line 3527 > eval line 1 > eval line 1 > eval, line 1: WEBGL_debug_renderer_info is deprecated in Firefox and will be removed. Please use RENDERER.
1692874840487	Marionette	INFO	Stopped listening on port 49636
JavaScript warning: https://cdn.ampproject.org/rtv/012307272333000/amp4ads-v0.mjs, line 2: Script terminated by timeout at:
th/$e/<@https://cdn.ampproject.org/rtv/012307272333000/amp4ads-v0.mjs:2:147290
$o/delay/<@https://cdn.ampproject.org/rtv/012307272333000/amp4ads-v0.mjs:2:135679

1692896418746	geckodriver	INFO	Listening on 127.0.0.1:50002
1692896419260	mozrunner::runner	INFO	Running command: MOZ_CRASHREPORTER="1" MOZ_CRASHREPORTER_NO_REPORT="1" MOZ_CRASHREPORTER_SHUTDOWN="1" MOZ_NO_REMOTE="1" "/App ... debugging-port" "50003" "--remote-allow-hosts" "localhost" "-foreground" "-no-remote" "-profile" "/tmp/rust_mozprofilegyKyZW"
*** You are running in headless mode.
console.warn: services.settings: Ignoring preference override of remote settings server
console.warn: services.settings: Allow by setting MOZ_REMOTE_SETTINGS_DEVTOOLS=1 in the environment
1692896419834	Marionette	INFO	Marionette enabled
console.error: "Warning: unrecognized command line flag" "-remote-allow-hosts"
1692896420588	Marionette	INFO	Listening on port 50010
WebDriver BiDi listening on ws://127.0.0.1:50003
Read port: 50010
1692896421004	RemoteAgent	WARN	TLS certificate errors will be ignored for this session
[GFX1-]: RenderCompositorSWGL failed mapping default framebuffer, no dt
DevTools listening on ws://127.0.0.1:50003/devtools/browser/00b8501b-417d-42c8-89ed-36530a226536
JavaScript warning: https://pagead2.googlesyndication.com/bg/VOYjWJ9SYKUWeq_SiXQPiq5A6-bg1q_inShFnttaRxg.js line 2 > eval line 1184 > eval line 1 > eval line 1 > eval, line 1: WEBGL_debug_renderer_info is deprecated in Firefox and will be removed. Please use RENDERER.
1692896441559	Marionette	INFO	Stopped listening on port 50010
JavaScript warning: https://script.hotjar.com/modules.14b820ab47d618317075.js, line 2: Script terminated by timeout at:
t<@https://script.hotjar.com/modules.14b820ab47d618317075.js:2:42043

1692913772223	geckodriver	INFO	Listening on 127.0.0.1:50482
1692913772591	mozrunner::runner	INFO	Running command: MOZ_CRASHREPORTER="1" MOZ_CRASHREPORTER_NO_REPORT="1" MOZ_CRASHREPORTER_SHUTDOWN="1" MOZ_NO_REMOTE="1" "/App ... s" "localhost" "-foreground" "-no-remote" "-profile" "/var/folders/k0/cq83jz1x4m5_dpcmmv8ldww00000gp/T/rust_mozprofileTV3tsH"
*** You are running in headless mode.
console.warn: services.settings: Ignoring preference override of remote settings server
console.warn: services.settings: Allow by setting MOZ_REMOTE_SETTINGS_DEVTOOLS=1 in the environment
1692913773197	Marionette	INFO	Marionette enabled
console.error: "Warning: unrecognized command line flag" "-remote-allow-hosts"
1692913773662	Marionette	INFO	Listening on port 50490
Read port: 50490
WebDriver BiDi listening on ws://127.0.0.1:50483
1692913774717	RemoteAgent	WARN	TLS certificate errors will be ignored for this session
[GFX1-]: RenderCompositorSWGL failed mapping default framebuffer, no dt
DevTools listening on ws://127.0.0.1:50483/devtools/browser/3f877725-df44-405b-8f3e-757ff2a97a17
JavaScript warning: https://pagead2.googlesyndication.com/bg/PkiGnUWInYwTcBYaxbSZywLcc8a-vvuMSHFzAQqrt4s.js line 2 > eval line 2434 > eval line 1 > eval line 1 > eval, line 1: WEBGL_debug_renderer_info is deprecated in Firefox and will be removed. Please use RENDERER.
JavaScript warning: https://pagead2.googlesyndication.com/bg/PkiGnUWInYwTcBYaxbSZywLcc8a-vvuMSHFzAQqrt4s.js line 2 > eval line 5023 > eval line 1 > eval line 1 > eval, line 1: WEBGL_debug_renderer_info is deprecated in Firefox and will be removed. Please use RENDERER.
1692913795515	Marionette	INFO	Stopped listening on port 50490
JavaScript warning: https://script.hotjar.com/modules.14b820ab47d618317075.js, line 2: Script terminated by timeout at:
t<@https://script.hotjar.com/modules.14b820ab47d618317075.js:2:42043

1692918017058	geckodriver	INFO	Listening on 127.0.0.1:50728
1692918017487	mozrunner::runner	INFO	Running command: MOZ_CRASHREPORTER="1" MOZ_CRASHREPORTER_NO_REPORT="1" MOZ_CRASHREPORTER_SHUTDOWN="1" MOZ_NO_REMOTE="1" "/App ... debugging-port" "50729" "--remote-allow-hosts" "localhost" "-foreground" "-no-remote" "-profile" "/tmp/rust_mozprofileF6VMnK"
*** You are running in headless mode.
console.warn: services.settings: Ignoring preference override of remote settings server
console.warn: services.settings: Allow by setting MOZ_REMOTE_SETTINGS_DEVTOOLS=1 in the environment
1692918018084	Marionette	INFO	Marionette enabled
console.error: "Warning: unrecognized command line flag" "-remote-allow-hosts"
1692918018735	Marionette	INFO	Listening on port 50734
Read port: 50734
WebDriver BiDi listening on ws://127.0.0.1:50729
1692918019599	RemoteAgent	WARN	TLS certificate errors will be ignored for this session
[GFX1-]: RenderCompositorSWGL failed mapping default framebuffer, no dt
DevTools listening on ws://127.0.0.1:50729/devtools/browser/a0dd1dea-4236-464a-840f-f505f87a1a8e
JavaScript warning: https://pagead2.googlesyndication.com/bg/PkiGnUWInYwTcBYaxbSZywLcc8a-vvuMSHFzAQqrt4s.js line 2 > eval line 2426 > eval line 1 > eval line 1 > eval, line 1: WEBGL_debug_renderer_info is deprecated in Firefox and will be removed. Please use RENDERER.
1692918037708	Marionette	INFO	Stopped listening on port 50734
JavaScript warning: https://script.hotjar.com/modules.14b820ab47d618317075.js, line 2: Script terminated by timeout at:
t<@https://script.hotjar.com/modules.14b820ab47d618317075.js:2:42046

1692961219771	geckodriver	INFO	Listening on 127.0.0.1:49694
1692961220284	mozrunner::runner	INFO	Running command: MOZ_CRASHREPORTER="1" MOZ_CRASHREPORTER_NO_REPORT="1" MOZ_CRASHREPORTER_SHUTDOWN="1" MOZ_NO_REMOTE="1" "/App ... debugging-port" "49695" "--remote-allow-hosts" "localhost" "-foreground" "-no-remote" "-profile" "/tmp/rust_mozprofileECjXsY"
*** You are running in headless mode.
console.warn: services.settings: Ignoring preference override of remote settings server
console.warn: services.settings: Allow by setting MOZ_REMOTE_SETTINGS_DEVTOOLS=1 in the environment
1692961220895	Marionette	INFO	Marionette enabled
console.error: "Warning: unrecognized command line flag" "-remote-allow-hosts"
1692961221736	Marionette	INFO	Listening on port 49702
Read port: 49702
WebDriver BiDi listening on ws://127.0.0.1:49695
1692961222577	RemoteAgent	WARN	TLS certificate errors will be ignored for this session
[GFX1-]: RenderCompositorSWGL failed mapping default framebuffer, no dt
DevTools listening on ws://127.0.0.1:49695/devtools/browser/de962969-ec4b-49d1-b788-401d3944106f
JavaScript warning: https://pagead2.googlesyndication.com/bg/53FW8zYQTkJ6aaIrXR-nTnykNiqudoH54JKD_I7-wfM.js line 2 > eval line 4505 > eval line 1 > eval line 1 > eval, line 1: WEBGL_debug_renderer_info is deprecated in Firefox and will be removed. Please use RENDERER.
JavaScript warning: https://pagead2.googlesyndication.com/bg/53FW8zYQTkJ6aaIrXR-nTnykNiqudoH54JKD_I7-wfM.js line 2 > eval line 1938 > eval line 1 > eval line 1 > eval, line 1: WEBGL_debug_renderer_info is deprecated in Firefox and will be removed. Please use RENDERER.
1692961240921	Marionette	INFO	Stopped listening on port 49702
JavaScript warning: https://s0.2mdn.net/879366/Enabler_01_250.js, line 117: Script terminated by timeout at:
Cg.prototype.B@https://s0.2mdn.net/879366/Enabler_01_250.js:117:663

JavaScript warning: https://script.hotjar.com/modules.14b820ab47d618317075.js, line 2: Script terminated by timeout at:
t<@https://script.hotjar.com/modules.14b820ab47d618317075.js:2:42046

JavaScript error: , line 0: TypeError: NetworkError when attempting to fetch resource.
1692982820005	geckodriver	INFO	Listening on 127.0.0.1:50109
1692982820522	mozrunner::runner	INFO	Running command: MOZ_CRASHREPORTER="1" MOZ_CRASHREPORTER_NO_REPORT="1" MOZ_CRASHREPORTER_SHUTDOWN="1" MOZ_NO_REMOTE="1" "/App ... debugging-port" "50110" "--remote-allow-hosts" "localhost" "-foreground" "-no-remote" "-profile" "/tmp/rust_mozprofileY2GZcs"
*** You are running in headless mode.
console.warn: services.settings: Ignoring preference override of remote settings server
console.warn: services.settings: Allow by setting MOZ_REMOTE_SETTINGS_DEVTOOLS=1 in the environment
1692982821135	Marionette	INFO	Marionette enabled
console.error: "Warning: unrecognized command line flag" "-remote-allow-hosts"
1692982821903	Marionette	INFO	Listening on port 50117
Read port: 50117
WebDriver BiDi listening on ws://127.0.0.1:50110
1692982822453	RemoteAgent	WARN	TLS certificate errors will be ignored for this session
[GFX1-]: RenderCompositorSWGL failed mapping default framebuffer, no dt
DevTools listening on ws://127.0.0.1:50110/devtools/browser/161c7bed-1dfa-4ece-a2cb-5695c78b1820
JavaScript warning: https://pagead2.googlesyndication.com/bg/53FW8zYQTkJ6aaIrXR-nTnykNiqudoH54JKD_I7-wfM.js line 2 > eval line 2489 > eval line 1 > eval line 1 > eval, line 1: WEBGL_debug_renderer_info is deprecated in Firefox and will be removed. Please use RENDERER.
JavaScript warning: https://pagead2.googlesyndication.com/bg/53FW8zYQTkJ6aaIrXR-nTnykNiqudoH54JKD_I7-wfM.js line 2 > eval line 5780 > eval line 1 > eval line 1 > eval, line 1: WEBGL_debug_renderer_info is deprecated in Firefox and will be removed. Please use RENDERER.
1692982846959	Marionette	INFO	Stopped listening on port 50117
JavaScript warning: https://script.hotjar.com/modules.1cfaab4c8cd12d2d55e6.js, line 2: Script terminated by timeout at:
t<@https://script.hotjar.com/modules.1cfaab4c8cd12d2d55e6.js:2:41914

1693004424828	geckodriver	INFO	Listening on 127.0.0.1:51910
1693004425391	mozrunner::runner	INFO	Running command: MOZ_CRASHREPORTER="1" MOZ_CRASHREPORTER_NO_REPORT="1" MOZ_CRASHREPORTER_SHUTDOWN="1" MOZ_NO_REMOTE="1" "/App ... debugging-port" "51911" "--remote-allow-hosts" "localhost" "-foreground" "-no-remote" "-profile" "/tmp/rust_mozprofilezoVIhp"
*** You are running in headless mode.
console.warn: services.settings: Ignoring preference override of remote settings server
console.warn: services.settings: Allow by setting MOZ_REMOTE_SETTINGS_DEVTOOLS=1 in the environment
1693004426083	Marionette	INFO	Marionette enabled
console.error: "Warning: unrecognized command line flag" "-remote-allow-hosts"
1693004426766	Marionette	INFO	Listening on port 51918
Read port: 51918
WebDriver BiDi listening on ws://127.0.0.1:51911
1693004427349	RemoteAgent	WARN	TLS certificate errors will be ignored for this session
[GFX1-]: RenderCompositorSWGL failed mapping default framebuffer, no dt
DevTools listening on ws://127.0.0.1:51911/devtools/browser/3714d092-8d4f-444f-a3ce-507f89ad594a
JavaScript warning: https://pagead2.googlesyndication.com/bg/53FW8zYQTkJ6aaIrXR-nTnykNiqudoH54JKD_I7-wfM.js line 2 > eval line 1264 > eval line 1 > eval line 1 > eval, line 1: WEBGL_debug_renderer_info is deprecated in Firefox and will be removed. Please use RENDERER.
1693004459411	Marionette	INFO	Stopped listening on port 51918
JavaScript warning: https://script.hotjar.com/modules.1cfaab4c8cd12d2d55e6.js, line 2: Script terminated by timeout at:
t<@https://script.hotjar.com/modules.1cfaab4c8cd12d2d55e6.js:2:41914

1693047619139	geckodriver	INFO	Listening on 127.0.0.1:49609
1693047619627	mozrunner::runner	INFO	Running command: MOZ_CRASHREPORTER="1" MOZ_CRASHREPORTER_NO_REPORT="1" MOZ_CRASHREPORTER_SHUTDOWN="1" MOZ_NO_REMOTE="1" "/App ... debugging-port" "49610" "--remote-allow-hosts" "localhost" "-foreground" "-no-remote" "-profile" "/tmp/rust_mozprofilebgYwmW"
*** You are running in headless mode.
console.warn: services.settings: Ignoring preference override of remote settings server
console.warn: services.settings: Allow by setting MOZ_REMOTE_SETTINGS_DEVTOOLS=1 in the environment
1693047620321	Marionette	INFO	Marionette enabled
console.error: "Warning: unrecognized command line flag" "-remote-allow-hosts"
1693047621478	Marionette	INFO	Listening on port 49617
Read port: 49617
WebDriver BiDi listening on ws://127.0.0.1:49610
1693047621841	RemoteAgent	WARN	TLS certificate errors will be ignored for this session
[GFX1-]: RenderCompositorSWGL failed mapping default framebuffer, no dt
DevTools listening on ws://127.0.0.1:49610/devtools/browser/6e810fbc-e079-42c1-bf5b-28195682d4cc
JavaScript warning: https://pagead2.googlesyndication.com/bg/F8SkcvzQj7M3-2pXT2CJHOka8GJR2_XQE30kFDFsEbE.js line 2 > eval line 390 > eval line 1 > eval line 1 > eval, line 1: WEBGL_debug_renderer_info is deprecated in Firefox and will be removed. Please use RENDERER.
JavaScript warning: https://pagead2.googlesyndication.com/bg/F8SkcvzQj7M3-2pXT2CJHOka8GJR2_XQE30kFDFsEbE.js line 2 > eval line 1821 > eval line 1 > eval line 1 > eval, line 1: WEBGL_debug_renderer_info is deprecated in Firefox and will be removed. Please use RENDERER.
JavaScript warning: https://pagead2.googlesyndication.com/bg/53FW8zYQTkJ6aaIrXR-nTnykNiqudoH54JKD_I7-wfM.js line 2 > eval line 7117 > eval line 1 > eval line 1 > eval, line 1: WEBGL_debug_renderer_info is deprecated in Firefox and will be removed. Please use RENDERER.
JavaScript warning: https://pagead2.googlesyndication.com/bg/F8SkcvzQj7M3-2pXT2CJHOka8GJR2_XQE30kFDFsEbE.js line 2 > eval line 27 > eval line 1 > eval line 1 > eval, line 1: WEBGL_debug_renderer_info is deprecated in Firefox and will be removed. Please use RENDERER.
1693047651937	Marionette	INFO	Stopped listening on port 49617
JavaScript warning: https://s0.2mdn.net/879366/express_html_inpage_rendering_lib_200_278.js, line 58: Script terminated by timeout at:
Yf.prototype.D@https://s0.2mdn.net/879366/express_html_inpage_rendering_lib_200_278.js:58:575

JavaScript warning: https://s0.2mdn.net/879366/Enabler_01_250.js, line 117: Script terminated by timeout at:
Cg.prototype.B@https://s0.2mdn.net/879366/Enabler_01_250.js:117:663

JavaScript warning: https://script.hotjar.com/modules.1cfaab4c8cd12d2d55e6.js, line 2: Script terminated by timeout at:
t<@https://script.hotjar.com/modules.1cfaab4c8cd12d2d55e6.js:2:41914

console.error: services.settings: 
  Message: NetworkError: Network error: TypeError: NetworkError: Network request failed
  Stack:
    APIError@resource://services-settings/RemoteSettingsClient.sys.mjs:111:1
NetworkError@resource://services-settings/RemoteSettingsClient.sys.mjs:115:5
_adjustedError@resource://services-settings/RemoteSettingsClient.sys.mjs:911:14
maybeSync@resource://services-settings/RemoteSettingsClient.sys.mjs:816:38

console.warn: services.settings: main/websites-with-shared-credential-backends sync interrupted by shutdown
console.warn: services.settings: security-state/cert-revocations sync interrupted by shutdown
console.warn: services.settings: security-state/onecrl sync interrupted by shutdown
console.warn: services.settings: security-state/intermediates sync interrupted by shutdown
console.error: (new NetworkError("Network error: TypeError: NetworkError: Network request failed", "resource://services-settings/RemoteSettingsClient.sys.mjs", 111))
1693069219305	geckodriver	INFO	Listening on 127.0.0.1:50480
1693069219818	mozrunner::runner	INFO	Running command: MOZ_CRASHREPORTER="1" MOZ_CRASHREPORTER_NO_REPORT="1" MOZ_CRASHREPORTER_SHUTDOWN="1" MOZ_NO_REMOTE="1" "/App ... debugging-port" "50481" "--remote-allow-hosts" "localhost" "-foreground" "-no-remote" "-profile" "/tmp/rust_mozprofileeaarLh"
*** You are running in headless mode.
console.warn: services.settings: Ignoring preference override of remote settings server
console.warn: services.settings: Allow by setting MOZ_REMOTE_SETTINGS_DEVTOOLS=1 in the environment
1693069220425	Marionette	INFO	Marionette enabled
console.error: "Warning: unrecognized command line flag" "-remote-allow-hosts"
1693069221207	Marionette	INFO	Listening on port 50488
WebDriver BiDi listening on ws://127.0.0.1:50481
Read port: 50488
1693069221637	RemoteAgent	WARN	TLS certificate errors will be ignored for this session
[GFX1-]: RenderCompositorSWGL failed mapping default framebuffer, no dt
DevTools listening on ws://127.0.0.1:50481/devtools/browser/338de02f-1d10-48da-be7b-98906dab253a
JavaScript warning: https://pagead2.googlesyndication.com/bg/F8SkcvzQj7M3-2pXT2CJHOka8GJR2_XQE30kFDFsEbE.js line 2 > eval line 4624 > eval line 1 > eval line 1 > eval, line 1: WEBGL_debug_renderer_info is deprecated in Firefox and will be removed. Please use RENDERER.
JavaScript warning: https://pagead2.googlesyndication.com/bg/F8SkcvzQj7M3-2pXT2CJHOka8GJR2_XQE30kFDFsEbE.js line 2 > eval line 5575 > eval line 1 > eval line 1 > eval, line 1: WEBGL_debug_renderer_info is deprecated in Firefox and will be removed. Please use RENDERER.
JavaScript warning: https://pagead2.googlesyndication.com/bg/53FW8zYQTkJ6aaIrXR-nTnykNiqudoH54JKD_I7-wfM.js line 2 > eval line 4354 > eval line 1 > eval line 1 > eval, line 1: WEBGL_debug_renderer_info is deprecated in Firefox and will be removed. Please use RENDERER.
JavaScript warning: https://pagead2.googlesyndication.com/bg/F8SkcvzQj7M3-2pXT2CJHOka8GJR2_XQE30kFDFsEbE.js line 2 > eval line 3386 > eval line 1 > eval line 1 > eval, line 1: WEBGL_debug_renderer_info is deprecated in Firefox and will be removed. Please use RENDERER.
JavaScript warning: https://pagead2.googlesyndication.com/bg/F8SkcvzQj7M3-2pXT2CJHOka8GJR2_XQE30kFDFsEbE.js line 2 > eval line 83 > eval line 1 > eval line 1 > eval, line 1: WEBGL_debug_renderer_info is deprecated in Firefox and will be removed. Please use RENDERER.
JavaScript warning: https://pagead2.googlesyndication.com/bg/F8SkcvzQj7M3-2pXT2CJHOka8GJR2_XQE30kFDFsEbE.js line 2 > eval line 726 > eval line 1 > eval line 1 > eval, line 1: WEBGL_debug_renderer_info is deprecated in Firefox and will be removed. Please use RENDERER.
1693069246990	Marionette	INFO	Stopped listening on port 50488
JavaScript warning: https://s0.2mdn.net/879366/express_html_inpage_rendering_lib_200_278.js, line 14: Script terminated by timeout at:
v@https://s0.2mdn.net/879366/express_html_inpage_rendering_lib_200_278.js:14:381
Yf.prototype.D@https://s0.2mdn.net/879366/express_html_inpage_rendering_lib_200_278.js:58:595

JavaScript warning: https://script.hotjar.com/modules.1cfaab4c8cd12d2d55e6.js, line 2: Script terminated by timeout at:
t<@https://script.hotjar.com/modules.1cfaab4c8cd12d2d55e6.js:2:41914

JavaScript warning: https://code.createjs.com/1.0.0/createjs.min.js, line 12: Script terminated by timeout at:
a._handleTimeout@https://code.createjs.com/1.0.0/createjs.min.js:12:6739

1693090816538	geckodriver	INFO	Listening on 127.0.0.1:51972
1693090817079	mozrunner::runner	INFO	Running command: MOZ_CRASHREPORTER="1" MOZ_CRASHREPORTER_NO_REPORT="1" MOZ_CRASHREPORTER_SHUTDOWN="1" MOZ_NO_REMOTE="1" "/App ... debugging-port" "51973" "--remote-allow-hosts" "localhost" "-foreground" "-no-remote" "-profile" "/tmp/rust_mozprofile4ksRMF"
*** You are running in headless mode.
console.warn: services.settings: Ignoring preference override of remote settings server
console.warn: services.settings: Allow by setting MOZ_REMOTE_SETTINGS_DEVTOOLS=1 in the environment
1693090817688	Marionette	INFO	Marionette enabled
console.error: "Warning: unrecognized command line flag" "-remote-allow-hosts"
1693090818334	Marionette	INFO	Listening on port 51980
Read port: 51980
WebDriver BiDi listening on ws://127.0.0.1:51973
1693090819014	RemoteAgent	WARN	TLS certificate errors will be ignored for this session
[GFX1-]: RenderCompositorSWGL failed mapping default framebuffer, no dt
DevTools listening on ws://127.0.0.1:51973/devtools/browser/d5932a33-beaa-4600-aa16-f45a97e5334e
JavaScript warning: https://pagead2.googlesyndication.com/bg/F8SkcvzQj7M3-2pXT2CJHOka8GJR2_XQE30kFDFsEbE.js line 2 > eval line 5474 > eval line 1 > eval line 1 > eval, line 1: WEBGL_debug_renderer_info is deprecated in Firefox and will be removed. Please use RENDERER.
JavaScript warning: https://pagead2.googlesyndication.com/bg/53FW8zYQTkJ6aaIrXR-nTnykNiqudoH54JKD_I7-wfM.js line 2 > eval line 1183 > eval line 1 > eval line 1 > eval, line 1: WEBGL_debug_renderer_info is deprecated in Firefox and will be removed. Please use RENDERER.
1693090831324	Marionette	INFO	Stopped listening on port 51980
